2026-02-13 11:43:40 - __main__ - INFO - Starting app launch sequence...
2026-02-13 11:43:48 - __main__ - INFO - ✓ Driver initialized successfully
2026-02-13 11:43:57 - __main__ - INFO - ✓ App launch sequence completed successfully
2026-02-13 11:43:57 - __main__ - INFO - App launched successfully. Keeping it open for 5 seconds...
2026-02-13 11:44:02 - __main__ - INFO - Closing driver...
2026-02-13 12:11:36 - __main__ - INFO - Starting app launch sequence...
2026-02-13 12:11:45 - __main__ - INFO - ✓ Driver initialized successfully
2026-02-13 12:11:56 - __main__ - INFO - ✓ App launch sequence completed successfully
2026-02-13 12:11:56 - __main__ - INFO - App launched successfully. Keeping it open for 5 seconds...
2026-02-13 12:12:01 - __main__ - INFO - Closing driver...
2026-02-13 12:33:07 - __main__ - INFO - Starting app launch sequence...
2026-02-13 12:33:15 - __main__ - INFO - ✓ Driver initialized successfully
2026-02-13 12:33:26 - __main__ - INFO - ✓ App launch sequence completed successfully
2026-02-13 12:33:26 - __main__ - INFO - App launched successfully. Keeping it open for 5 seconds...
2026-02-13 12:33:31 - __main__ - INFO - Closing driver...
2026-02-13 16:10:30 - __main__ - INFO - Starting app launch sequence...
2026-02-13 16:10:40 - __main__ - INFO - ✓ Driver initialized successfully
2026-02-13 16:10:53 - __main__ - ERROR - ✗ Onboarding flow failed
2026-02-13 16:10:54 - __main__ - ERROR - Driver is None, app launch failed
2026-02-13 16:14:48 - __main__ - INFO - Starting app launch sequence...
2026-02-13 16:14:56 - __main__ - INFO - ✓ Driver initialized successfully
2026-02-13 16:15:08 - __main__ - ERROR - ✗ Onboarding flow failed
2026-02-13 16:15:08 - __main__ - ERROR - Driver is None, app launch failed
2026-02-13 16:16:24 - __main__ - INFO - Starting app launch sequence...
2026-02-13 16:16:32 - __main__ - INFO - ✓ Driver initialized successfully
2026-02-13 16:16:45 - __main__ - ERROR - ✗ Onboarding flow failed
2026-02-13 16:16:46 - __main__ - ERROR - Driver is None, app launch failed
2026-02-13 16:21:07 - __main__ - INFO - Starting app launch sequence...
2026-02-13 16:21:15 - __main__ - INFO - ✓ Driver initialized successfully
2026-02-13 16:21:31 - __main__ - INFO - ✓ App launch sequence completed successfully
2026-02-13 16:21:31 - __main__ - INFO - App launched successfully. Keeping it open for 5 seconds...
2026-02-13 16:21:36 - __main__ - INFO - Closing driver...
2026-02-13 16:21:46 - __main__ - INFO - Starting app launch sequence...
2026-02-13 16:21:54 - __main__ - INFO - ✓ Driver initialized successfully
2026-02-13 16:22:11 - __main__ - INFO - ✓ App launch sequence completed successfully
2026-02-13 16:22:11 - __main__ - INFO - App launched successfully. Keeping it open for 5 seconds...
2026-02-13 16:22:16 - __main__ - INFO - Closing driver...
2026-02-13 16:23:21 - __main__ - INFO - Starting app launch sequence...
2026-02-13 16:23:29 - __main__ - INFO - ✓ Driver initialized successfully
2026-02-13 16:23:46 - __main__ - INFO - ✓ App launch sequence completed successfully
2026-02-13 16:23:46 - __main__ - INFO - App launched successfully. Keeping it open for 5 seconds...
2026-02-13 16:23:51 - __main__ - INFO - Closing driver...
